<?xml version="1.0" encoding="UTF-8"?>
<!-- Generated by org.testng.reporters.JUnitXMLReporter -->
<testsuite hostname="Utpal" ignored="0" name="Basics TestNG" tests="21" failures="2" timestamp="2019-11-27T22:29:54 IST" time="170.167" errors="0">
  <testcase name="infiniteLoop" time="0.018" classname="com.test.ExceptionTimeoutTest"/>
  <testcase name="test" time="0.002" classname="com.test.ExpectedException"/>
  <testcase name="test1" time="0.016" classname="com.test.GoogleTest"/>
  <testcase name="test2" time="38.078" classname="com.test.GoogleTest"/>
  <testcase name="test3" time="40.071" classname="com.test.GoogleTest">
    <failure type="org.openqa.selenium.NoSuchElementException" message="no such element: Unable to locate element: {&amp;quot;method&amp;quot;:&amp;quot;link text&amp;quot;,&amp;quot;selector&amp;quot;:&amp;quot;Gm ail&amp;quot;}
  (Session info: chrome=78.0.3904.108)
For documentation on this error, please visit: https://www.seleniumhq.org/exceptions/no_such_element.html
Build info: version: &amp;apos;3.141.59&amp;apos;, revision: &amp;apos;e82be7d358&amp;apos;, time: &amp;apos;2018-11-14T08:25:48&amp;apos;
System info: host: &amp;apos;UTPAL&amp;apos;, ip: &amp;apos;192.168.225.196&amp;apos;, os.name: &amp;apos;Windows 10&amp;apos;, os.arch: &amp;apos;amd64&amp;apos;, os.version: &amp;apos;10.0&amp;apos;, java.version: &amp;apos;1.8.0_212&amp;apos;
Driver info: org.openqa.selenium.chrome.ChromeDriver
Capabilities {acceptInsecureCerts: false, browserName: chrome, browserVersion: 78.0.3904.108, chrome: {chromedriverVersion: 77.0.3865.40 (f484704e052e0..., userDataDir: C:\Users\UTPALF~1\AppData\L...}, goog:chromeOptions: {debuggerAddress: localhost:58012}, javascriptEnabled: true, networkConnectionEnabled: false, pageLoadStrategy: normal, platform: XP, platformName: XP, proxy: Proxy(), setWindowRect: true, strictFileInteractability: false, timeouts: {implicit: 0, pageLoad: 300000, script: 30000}, unhandledPromptBehavior: dismiss and notify}
Session ID: 71506806d135fda9b8274c2a75e48dac
*** Element info: {Using=link text, value=Gm ail}">
      <![CDATA[org.openqa.selenium.NoSuchElementException: no such element: Unable to locate element: {"method":"link text","selector":"Gm ail"}
  (Session info: chrome=78.0.3904.108)
For documentation on this error, please visit: https://www.seleniumhq.org/exceptions/no_such_element.html
Build info: version: '3.141.59', revision: 'e82be7d358', time: '2018-11-14T08:25:48'
System info: host: 'UTPAL', ip: '192.168.225.196', os.name: 'Windows 10', os.arch: 'amd64', os.version: '10.0', java.version: '1.8.0_212'
Driver info: org.openqa.selenium.chrome.ChromeDriver
Capabilities {acceptInsecureCerts: false, browserName: chrome, browserVersion: 78.0.3904.108, chrome: {chromedriverVersion: 77.0.3865.40 (f484704e052e0..., userDataDir: C:\Users\UTPALF~1\AppData\L...}, goog:chromeOptions: {debuggerAddress: localhost:58012}, javascriptEnabled: true, networkConnectionEnabled: false, pageLoadStrategy: normal, platform: XP, platformName: XP, proxy: Proxy(), setWindowRect: true, strictFileInteractability: false, timeouts: {implicit: 0, pageLoad: 300000, script: 30000}, unhandledPromptBehavior: dismiss and notify}
Session ID: 71506806d135fda9b8274c2a75e48dac
*** Element info: {Using=link text, value=Gm ail}
at org.openqa.selenium.remote.http.W3CHttpResponseCodec.createException(W3CHttpResponseCodec.java:187)
at org.openqa.selenium.remote.http.W3CHttpResponseCodec.decode(W3CHttpResponseCodec.java:122)
at org.openqa.selenium.remote.http.W3CHttpResponseCodec.decode(W3CHttpResponseCodec.java:49)
at org.openqa.selenium.remote.HttpCommandExecutor.execute(HttpCommandExecutor.java:158)
at org.openqa.selenium.remote.service.DriverCommandExecutor.execute(DriverCommandExecutor.java:83)
at org.openqa.selenium.remote.RemoteWebDriver.execute(RemoteWebDriver.java:552)
at org.openqa.selenium.remote.RemoteWebDriver.findElement(RemoteWebDriver.java:323)
at org.openqa.selenium.remote.RemoteWebDriver.findElementByLinkText(RemoteWebDriver.java:380)
at org.openqa.selenium.By$ByLinkText.findElement(By.java:220)
at org.openqa.selenium.remote.RemoteWebDriver.findElement(RemoteWebDriver.java:315)
at com.test.GoogleTest.test3(GoogleTest.java:63)
at java.util.ArrayList.forEach(Unknown Source)
... Removed 31 stack frames]]>
    </failure>
  </testcase> <!-- test3 -->
  <testcase name="test" time="0.003" classname="com.test.InvocationCountTest"/>
  <testcase name="test" time="0.006" classname="com.test.InvocationCountTest"/>
  <testcase name="test" time="0.004" classname="com.test.InvocationCountTest"/>
  <testcase name="test" time="0.004" classname="com.test.InvocationCountTest"/>
  <testcase name="test" time="0.002" classname="com.test.InvocationCountTest"/>
  <testcase name="test" time="0.004" classname="com.test.InvocationCountTest"/>
  <testcase name="test" time="0.001" classname="com.test.InvocationCountTest"/>
  <testcase name="test" time="0.003" classname="com.test.InvocationCountTest"/>
  <testcase name="test" time="0.001" classname="com.test.InvocationCountTest"/>
  <testcase name="test" time="0.002" classname="com.test.InvocationCountTest"/>
  <testcase name="test1" time="0.002" classname="com.test.TestNGbasics"/>
  <testcase name="test3" time="0.002" classname="com.test.TestNGbasics"/>
  <testcase name="test2" time="0.002" classname="com.test.TestNGbasics"/>
  <testcase name="loginTest" time="0.004" classname="com.test.TestNGFeature">
    <failure type="java.lang.ArithmeticException" message="/ by zero">
      <![CDATA[java.lang.ArithmeticException: / by zero
at com.test.TestNGFeature.loginTest(TestNGFeature.java:10)
at java.util.ArrayList.forEach(Unknown Source)
... Removed 27 stack frames]]>
    </failure>
  </testcase> <!-- loginTest -->
  <testcase name="homePage" time="0.001" classname="com.test.TestNGFeature">
    <skipped/>
  </testcase> <!-- homePage -->
  <testcase name="urlLaunch" time="0.003" classname="com.test.TestNGFeature"/>
</testsuite> <!-- Basics TestNG -->
